<?xml version="1.0" encoding="UTF-8"?>
<coverage generated="1642687902489" clover="3.2.0">
  <project timestamp="1642687902489" name="All files">
    <metrics statements="25" coveredstatements="7" conditionals="6" coveredconditionals="3" methods="17" coveredmethods="5" elements="48" coveredelements="15" complexity="0" loc="25" ncloc="25" packages="1" files="3" classes="3"/>
    <file name="clear.js" path="C:\Users\pc\Desktop\To-Do-list\src\modules\clear.js">
      <metrics statements="5" coveredstatements="1" conditionals="0" coveredconditionals="0" methods="2" coveredmethods="0"/>
      <line num="1" count="1" type="stmt"/>
      <line num="2" count="0" type="stmt"/>
      <line num="3" count="0" type="stmt"/>
      <line num="4" count="0" type="stmt"/>
      <line num="5" count="0" type="stmt"/>
    </file>
    <file name="constructor.js" path="C:\Users\pc\Desktop\To-Do-list\src\modules\constructor.js">
      <metrics statements="15" coveredstatements="3" conditionals="4" coveredconditionals="1" methods="10" coveredmethods="2"/>
      <line num="5" count="1" type="cond" truecount="1" falsecount="1"/>
      <line num="11" count="2" type="stmt"/>
      <line num="12" count="2" type="stmt"/>
      <line num="16" count="0" type="stmt"/>
      <line num="18" count="0" type="stmt"/>
      <line num="22" count="0" type="stmt"/>
      <line num="23" count="0" type="cond" truecount="0" falsecount="2"/>
      <line num="24" count="0" type="stmt"/>
      <line num="26" count="0" type="stmt"/>
      <line num="28" count="0" type="stmt"/>
      <line num="32" count="0" type="stmt"/>
      <line num="36" count="0" type="stmt"/>
      <line num="37" count="0" type="stmt"/>
      <line num="38" count="0" type="stmt"/>
      <line num="40" count="0" type="stmt"/>
    </file>
    <file name="mock-storage.js" path="C:\Users\pc\Desktop\To-Do-list\src\modules\mock-storage.js">
      <metrics statements="5" coveredstatements="3" conditionals="2" coveredconditionals="2" methods="5" coveredmethods="3"/>
      <line num="4" count="1" type="stmt"/>
      <line num="8" count="1" type="cond" truecount="2" falsecount="0"/>
      <line num="12" count="2" type="stmt"/>
      <line num="16" count="0" type="stmt"/>
      <line num="20" count="0" type="stmt"/>
    </file>
  </project>
</coverage>
