{"C:\\Users\\pc\\Desktop\\To-Do-list\\src\\modules\\constructor.js": {"path":"C:\\Users\\pc\\Desktop\\To-Do-list\\src\\modules\\constructor.js","statementMap":{"0":{"start":{"line":3,"column":4},"end":{"line":5,"column":11}},"1":{"start":{"line":8,"column":12},"end":{"line":14,"column":1}},"2":{"start":{"line":9,"column":13},"end":{"line":9,"column":55}},"3":{"start":{"line":10,"column":16},"end":{"line":10,"column":36}},"4":{"start":{"line":11,"column":20},"end":{"line":11,"column":25}},"5":{"start":{"line":12,"column":2},"end":{"line":12,"column":56}},"6":{"start":{"line":13,"column":2},"end":{"line":13,"column":62}},"7":{"start":{"line":17,"column":10},"end":{"line":17,"column":11}},"8":{"start":{"line":18,"column":2},"end":{"line":21,"column":7}},"9":{"start":{"line":19,"column":4},"end":{"line":19,"column":11}},"10":{"start":{"line":20,"column":4},"end":{"line":20,"column":19}},"11":{"start":{"line":24,"column":15},"end":{"line":27,"column":3}},"12":{"start":{"line":25,"column":4},"end":{"line":25,"column":74}},"13":{"start":{"line":25,"column":44},"end":{"line":25,"column":72}},"14":{"start":{"line":26,"column":4},"end":{"line":26,"column":64}},"15":{"start":{"line":30,"column":4},"end":{"line":35,"column":7}},"16":{"start":{"line":31,"column":6},"end":{"line":33,"column":7}},"17":{"start":{"line":32,"column":8},"end":{"line":32,"column":43}},"18":{"start":{"line":34,"column":6},"end":{"line":34,"column":18}},"19":{"start":{"line":36,"column":4},"end":{"line":36,"column":64}},"20":{"start":{"line":39,"column":17},"end":{"line":43,"column":3}},"21":{"start":{"line":40,"column":21},"end":{"line":40,"column":76}},"22":{"start":{"line":40,"column":54},"end":{"line":40,"column":75}},"23":{"start":{"line":41,"column":4},"end":{"line":41,"column":43}},"24":{"start":{"line":42,"column":4},"end":{"line":42,"column":64}},"25":{"start":{"line":46,"column":4},"end":{"line":46,"column":60}},"26":{"start":{"line":46,"column":43},"end":{"line":46,"column":58}},"27":{"start":{"line":48,"column":4},"end":{"line":48,"column":64}}},"fnMap":{"0":{"name":"(anonymous_0)","decl":{"start":{"line":2,"column":2},"end":{"line":2,"column":3}},"loc":{"start":{"line":2,"column":16},"end":{"line":6,"column":3}},"line":2},"1":{"name":"(anonymous_1)","decl":{"start":{"line":8,"column":12},"end":{"line":8,"column":13}},"loc":{"start":{"line":8,"column":29},"end":{"line":14,"column":1}},"line":8},"2":{"name":"(anonymous_2)","decl":{"start":{"line":16,"column":2},"end":{"line":16,"column":3}},"loc":{"start":{"line":16,"column":16},"end":{"line":22,"column":3}},"line":16},"3":{"name":"(anonymous_3)","decl":{"start":{"line":18,"column":20},"end":{"line":18,"column":21}},"loc":{"start":{"line":18,"column":30},"end":{"line":21,"column":5}},"line":18},"4":{"name":"(anonymous_4)","decl":{"start":{"line":24,"column":15},"end":{"line":24,"column":16}},"loc":{"start":{"line":24,"column":26},"end":{"line":27,"column":3}},"line":24},"5":{"name":"(anonymous_5)","decl":{"start":{"line":25,"column":33},"end":{"line":25,"column":34}},"loc":{"start":{"line":25,"column":44},"end":{"line":25,"column":72}},"line":25},"6":{"name":"(anonymous_6)","decl":{"start":{"line":29,"column":2},"end":{"line":29,"column":3}},"loc":{"start":{"line":29,"column":36},"end":{"line":37,"column":3}},"line":29},"7":{"name":"(anonymous_7)","decl":{"start":{"line":30,"column":30},"end":{"line":30,"column":31}},"loc":{"start":{"line":30,"column":40},"end":{"line":35,"column":5}},"line":30},"8":{"name":"(anonymous_8)","decl":{"start":{"line":39,"column":17},"end":{"line":39,"column":18}},"loc":{"start":{"line":39,"column":37},"end":{"line":43,"column":3}},"line":39},"9":{"name":"(anonymous_9)","decl":{"start":{"line":40,"column":41},"end":{"line":40,"column":42}},"loc":{"start":{"line":40,"column":54},"end":{"line":40,"column":75}},"line":40},"10":{"name":"(anonymous_10)","decl":{"start":{"line":45,"column":2},"end":{"line":45,"column":3}},"loc":{"start":{"line":45,"column":19},"end":{"line":49,"column":3}},"line":45},"11":{"name":"(anonymous_11)","decl":{"start":{"line":46,"column":33},"end":{"line":46,"column":34}},"loc":{"start":{"line":46,"column":43},"end":{"line":46,"column":58}},"line":46}},"branchMap":{"0":{"loc":{"start":{"line":3,"column":16},"end":{"line":5,"column":10}},"type":"cond-expr","locations":[{"start":{"line":4,"column":8},"end":{"line":4,"column":52}},{"start":{"line":5,"column":8},"end":{"line":5,"column":10}}],"line":3},"1":{"loc":{"start":{"line":31,"column":6},"end":{"line":33,"column":7}},"type":"if","locations":[{"start":{"line":31,"column":6},"end":{"line":33,"column":7}},{"start":{},"end":{}}],"line":31}},"s":{"0":4,"1":4,"2":5,"3":5,"4":5,"5":5,"6":5,"7":0,"8":0,"9":0,"10":0,"11":4,"12":1,"13":3,"14":1,"15":4,"16":7,"17":0,"18":7,"19":4,"20":4,"21":0,"22":0,"23":0,"24":0,"25":1,"26":2,"27":1},"f":{"0":4,"1":5,"2":0,"3":0,"4":1,"5":3,"6":4,"7":7,"8":0,"9":0,"10":1,"11":2},"b":{"0":[2,2],"1":[0,7]},"_coverageSchema":"1a1c01bbd47fc00a2c39e90264f33305004495a9","hash":"7d3937aa7c3bba3cbf8e5db2ec8083379dab46f9"}
,"C:\\Users\\pc\\Desktop\\To-Do-list\\src\\modules\\mock-html.js": {"path":"C:\\Users\\pc\\Desktop\\To-Do-list\\src\\modules\\mock-html.js","statementMap":{"0":{"start":{"line":1,"column":12},"end":{"line":4,"column":2}},"1":{"start":{"line":2,"column":18},"end":{"line":2,"column":48}},"2":{"start":{"line":3,"column":2},"end":{"line":3,"column":33}}},"fnMap":{"0":{"name":"(anonymous_0)","decl":{"start":{"line":1,"column":48},"end":{"line":1,"column":49}},"loc":{"start":{"line":1,"column":54},"end":{"line":4,"column":1}},"line":1}},"branchMap":{},"s":{"0":1,"1":1,"2":1},"f":{"0":1},"b":{},"_coverageSchema":"1a1c01bbd47fc00a2c39e90264f33305004495a9","hash":"075d65be5b259008d2c7f485c5b3d6a70fed9e9a"}
,"C:\\Users\\pc\\Desktop\\To-Do-list\\src\\modules\\mock-storage.js": {"path":"C:\\Users\\pc\\Desktop\\To-Do-list\\src\\modules\\mock-storage.js","statementMap":{"0":{"start":{"line":4,"column":4},"end":{"line":4,"column":20}},"1":{"start":{"line":8,"column":4},"end":{"line":8,"column":35}},"2":{"start":{"line":12,"column":4},"end":{"line":12,"column":39}},"3":{"start":{"line":16,"column":4},"end":{"line":16,"column":27}},"4":{"start":{"line":20,"column":4},"end":{"line":20,"column":20}}},"fnMap":{"0":{"name":"(anonymous_0)","decl":{"start":{"line":3,"column":2},"end":{"line":3,"column":3}},"loc":{"start":{"line":3,"column":16},"end":{"line":5,"column":3}},"line":3},"1":{"name":"(anonymous_1)","decl":{"start":{"line":7,"column":2},"end":{"line":7,"column":3}},"loc":{"start":{"line":7,"column":15},"end":{"line":9,"column":3}},"line":7},"2":{"name":"(anonymous_2)","decl":{"start":{"line":11,"column":2},"end":{"line":11,"column":3}},"loc":{"start":{"line":11,"column":22},"end":{"line":13,"column":3}},"line":11},"3":{"name":"(anonymous_3)","decl":{"start":{"line":15,"column":2},"end":{"line":15,"column":3}},"loc":{"start":{"line":15,"column":18},"end":{"line":17,"column":3}},"line":15},"4":{"name":"(anonymous_4)","decl":{"start":{"line":19,"column":2},"end":{"line":19,"column":3}},"loc":{"start":{"line":19,"column":10},"end":{"line":21,"column":3}},"line":19}},"branchMap":{"0":{"loc":{"start":{"line":8,"column":11},"end":{"line":8,"column":34}},"type":"binary-expr","locations":[{"start":{"line":8,"column":11},"end":{"line":8,"column":26}},{"start":{"line":8,"column":30},"end":{"line":8,"column":34}}],"line":8}},"s":{"0":1,"1":0,"2":0,"3":0,"4":0},"f":{"0":1,"1":0,"2":0,"3":0,"4":0},"b":{"0":[0,0]},"_coverageSchema":"1a1c01bbd47fc00a2c39e90264f33305004495a9","hash":"01c39548a48a5110cd5cc723011284374608375c"}
}
