TN:
SF:src\modules\constructor.js
FN:2,(anonymous_0)
FN:8,(anonymous_1)
FN:16,(anonymous_2)
FN:18,(anonymous_3)
FN:24,(anonymous_4)
FN:25,(anonymous_5)
FN:29,(anonymous_6)
FN:30,(anonymous_7)
FN:39,(anonymous_8)
FN:40,(anonymous_9)
FN:45,(anonymous_10)
FN:46,(anonymous_11)
FNF:12
FNH:8
FNDA:4,(anonymous_0)
FNDA:5,(anonymous_1)
FNDA:0,(anonymous_2)
FNDA:0,(anonymous_3)
FNDA:1,(anonymous_4)
FNDA:3,(anonymous_5)
FNDA:4,(anonymous_6)
FNDA:7,(anonymous_7)
FNDA:0,(anonymous_8)
FNDA:0,(anonymous_9)
FNDA:1,(anonymous_10)
FNDA:2,(anonymous_11)
DA:3,4
DA:8,4
DA:9,5
DA:10,5
DA:11,5
DA:12,5
DA:13,5
DA:17,0
DA:18,0
DA:19,0
DA:20,0
DA:24,4
DA:25,3
DA:26,1
DA:30,4
DA:31,7
DA:32,0
DA:34,7
DA:36,4
DA:39,4
DA:40,0
DA:41,0
DA:42,0
DA:46,2
DA:48,1
LF:25
LH:17
BRDA:3,0,0,2
BRDA:3,0,1,2
BRDA:31,1,0,0
BRDA:31,1,1,7
BRF:4
BRH:3
end_of_record
TN:
SF:src\modules\mock-html.js
FN:1,(anonymous_0)
FNF:1
FNH:1
FNDA:1,(anonymous_0)
DA:1,1
DA:2,1
DA:3,1
LF:3
LH:3
BRF:0
BRH:0
end_of_record
TN:
SF:src\modules\mock-storage.js
FN:3,(anonymous_0)
FN:7,(anonymous_1)
FN:11,(anonymous_2)
FN:15,(anonymous_3)
FN:19,(anonymous_4)
FNF:5
FNH:1
FNDA:1,(anonymous_0)
FNDA:0,(anonymous_1)
FNDA:0,(anonymous_2)
FNDA:0,(anonymous_3)
FNDA:0,(anonymous_4)
DA:4,1
DA:8,0
DA:12,0
DA:16,0
DA:20,0
LF:5
LH:1
BRDA:8,0,0,0
BRDA:8,0,1,0
BRF:2
BRH:0
end_of_record
